<?xml version="1.0" encoding="UTF-8"?>
<!-- Generated by org.testng.reporters.JUnitXMLReporter -->
<testsuite ignored="0" hostname="LPTGhulamnabi" failures="0" tests="13" name="Test" time="122.544" errors="0" timestamp="2022-08-15T12:43:19 PKT">
  <testcase classname="Test_Scenarios.SearchScenarios" name="PS_01_User_Login" time="13.451"/>
  <testcase classname="Test_Scenarios.SearchScenarios" name="PS_02_Navigate_To_Provider_Stewardship" time="7.185"/>
  <testcase classname="Test_Scenarios.SearchScenarios" name="PS_03_Navigate_To_Search_Tab" time="9.098"/>
  <testcase classname="Test_Scenarios.SearchScenarios" name="PS_04_Demographics_Search_by_name" time="6.247"/>
  <testcase classname="Test_Scenarios.SearchScenarios" name="PS_05_Demographics_Search_by_address" time="15.42"/>
  <testcase classname="Test_Scenarios.SearchScenarios" name="PS_06_Demographics_Search_by_NPI" time="3.081"/>
  <testcase classname="Test_Scenarios.SearchScenarios" name="PS_07_Demographics_Search_by_Phone" time="3.101"/>
  <testcase classname="Test_Scenarios.SearchScenarios" name="PS_08_Demographics_Search_by_Credentials" time="3.084"/>
  <testcase classname="Test_Scenarios.SearchScenarios" name="PS_09_Demographics_Search_by_Speciality" time="3.109"/>
  <testcase classname="Test_Scenarios.SearchScenarios" name="PS_10_Demographics_Search_by_ZipCode" time="3.101"/>
  <testcase classname="Test_Scenarios.SearchScenarios" name="PS_11_Demographics_Search_by_License" time="3.093"/>
  <testcase classname="Test_Scenarios.SearchScenarios" name="PS_12_Search_by_linkID" time="9.204"/>
  <testcase classname="Test_Scenarios.SearchScenarios" name="PS_13_Search_by_Source_and_NativeID" time="39.319"/>
</testsuite> <!-- Test -->
