<?xml version="1.0" encoding="UTF-8"?>
<testng-results ignored="0" total="13" passed="13" failed="0" skipped="0">
  <reporter-output>
    <line>
      <![CDATA[This is Session ID: de7a454e0e235c5e878c927c7c90ea48]]>
    </line>
    <line>
      <![CDATA[User Name is : stella-test-user-stella-provider-dev-link-5]]>
    </line>
    <line>
      <![CDATA[Password is :  aqiyn2T8a5CgrsGF!]]>
    </line>
    <line>
      <![CDATA[Login Button is Clicked ]]>
    </line>
    <line>
      <![CDATA[This is current Url: https://staging-verato.stella-apps.com/auth/login/verification]]>
    </line>
    <line>
      <![CDATA[First mail is clicked ]]>
    </line>
    <line>
      <![CDATA[The Verification Token is: T37 0IL]]>
    </line>
    <line>
      <![CDATA[https://www.mailinator.com/v4/public/inboxes.jsp?msgid=stella-test-user-stella-provider-dev-link-5-1660549286-262633345]]>
    </line>
    <line>
      <![CDATA[https://staging-verato.stella-apps.com/auth/login/verification]]>
    </line>
    <line>
      <![CDATA[Verification Key is Entered]]>
    </line>
    <line>
      <![CDATA[Provider card is Clicked ]]>
    </line>
    <line>
      <![CDATA[Search Tab Is Clicked]]>
    </line>
  </reporter-output>
  <suite started-at="2022-08-15T12:41:17 PKT" name="Suite" finished-at="2022-08-15T12:43:19 PKT" duration-ms="122544">
    <groups>
    </groups>
    <test started-at="2022-08-15T12:41:17 PKT" name="Test" finished-at="2022-08-15T12:43:19 PKT" duration-ms="122544">
      <class name="Test_Scenarios.SearchScenarios">
        <test-method signature="PS_01_User_Login()[pri:1, instance:Test_Scenarios.SearchScenarios@54dcbb9f]" started-at="2022-08-15T12:41:17 PKT" name="PS_01_User_Login" finished-at="2022-08-15T12:41:30 PKT" duration-ms="13451" status="PASS">
          <reporter-output>
            <line>
              <![CDATA[User Name is : stella-test-user-stella-provider-dev-link-5]]>
            </line>
            <line>
              <![CDATA[Password is :  aqiyn2T8a5CgrsGF!]]>
            </line>
            <line>
              <![CDATA[Login Button is Clicked ]]>
            </line>
            <line>
              <![CDATA[This is current Url: https://staging-verato.stella-apps.com/auth/login/verification]]>
            </line>
            <line>
              <![CDATA[First mail is clicked ]]>
            </line>
            <line>
              <![CDATA[The Verification Token is: T37 0IL]]>
            </line>
            <line>
              <![CDATA[https://www.mailinator.com/v4/public/inboxes.jsp?msgid=stella-test-user-stella-provider-dev-link-5-1660549286-262633345]]>
            </line>
            <line>
              <![CDATA[https://staging-verato.stella-apps.com/auth/login/verification]]>
            </line>
            <line>
              <![CDATA[Verification Key is Entered]]>
            </line>
          </reporter-output>
        </test-method> <!-- PS_01_User_Login -->
        <test-method signature="PS_02_Navigate_To_Provider_Stewardship()[pri:2, instance:Test_Scenarios.SearchScenarios@54dcbb9f]" started-at="2022-08-15T12:41:30 PKT" name="PS_02_Navigate_To_Provider_Stewardship" finished-at="2022-08-15T12:41:38 PKT" duration-ms="7185" status="PASS">
          <reporter-output>
            <line>
              <![CDATA[Provider card is Clicked ]]>
            </line>
          </reporter-output>
        </test-method> <!-- PS_02_Navigate_To_Provider_Stewardship -->
        <test-method signature="PS_03_Navigate_To_Search_Tab()[pri:3, instance:Test_Scenarios.SearchScenarios@54dcbb9f]" started-at="2022-08-15T12:41:38 PKT" name="PS_03_Navigate_To_Search_Tab" finished-at="2022-08-15T12:41:47 PKT" duration-ms="9098" status="PASS">
          <reporter-output>
            <line>
              <![CDATA[Search Tab Is Clicked]]>
            </line>
          </reporter-output>
        </test-method> <!-- PS_03_Navigate_To_Search_Tab -->
        <test-method signature="PS_04_Demographics_Search_by_name()[pri:4, instance:Test_Scenarios.SearchScenarios@54dcbb9f]" started-at="2022-08-15T12:41:47 PKT" name="PS_04_Demographics_Search_by_name" finished-at="2022-08-15T12:41:53 PKT" duration-ms="6247" status="PASS">
          <reporter-output>
          </reporter-output>
        </test-method> <!-- PS_04_Demographics_Search_by_name -->
        <test-method signature="PS_05_Demographics_Search_by_address()[pri:5, instance:Test_Scenarios.SearchScenarios@54dcbb9f]" started-at="2022-08-15T12:41:53 PKT" name="PS_05_Demographics_Search_by_address" finished-at="2022-08-15T12:42:08 PKT" duration-ms="15420" status="PASS">
          <reporter-output>
          </reporter-output>
        </test-method> <!-- PS_05_Demographics_Search_by_address -->
        <test-method signature="PS_06_Demographics_Search_by_NPI()[pri:6, instance:Test_Scenarios.SearchScenarios@54dcbb9f]" started-at="2022-08-15T12:42:08 PKT" name="PS_06_Demographics_Search_by_NPI" finished-at="2022-08-15T12:42:11 PKT" duration-ms="3081" status="PASS">
          <reporter-output>
          </reporter-output>
        </test-method> <!-- PS_06_Demographics_Search_by_NPI -->
        <test-method signature="PS_07_Demographics_Search_by_Phone()[pri:7, instance:Test_Scenarios.SearchScenarios@54dcbb9f]" started-at="2022-08-15T12:42:11 PKT" name="PS_07_Demographics_Search_by_Phone" finished-at="2022-08-15T12:42:14 PKT" duration-ms="3101" status="PASS">
          <reporter-output>
          </reporter-output>
        </test-method> <!-- PS_07_Demographics_Search_by_Phone -->
        <test-method signature="PS_08_Demographics_Search_by_Credentials()[pri:8, instance:Test_Scenarios.SearchScenarios@54dcbb9f]" started-at="2022-08-15T12:42:14 PKT" name="PS_08_Demographics_Search_by_Credentials" finished-at="2022-08-15T12:42:18 PKT" duration-ms="3084" status="PASS">
          <reporter-output>
          </reporter-output>
        </test-method> <!-- PS_08_Demographics_Search_by_Credentials -->
        <test-method signature="PS_09_Demographics_Search_by_Speciality()[pri:9, instance:Test_Scenarios.SearchScenarios@54dcbb9f]" started-at="2022-08-15T12:42:18 PKT" name="PS_09_Demographics_Search_by_Speciality" finished-at="2022-08-15T12:42:21 PKT" duration-ms="3109" status="PASS">
          <reporter-output>
          </reporter-output>
        </test-method> <!-- PS_09_Demographics_Search_by_Speciality -->
        <test-method signature="PS_10_Demographics_Search_by_ZipCode()[pri:10, instance:Test_Scenarios.SearchScenarios@54dcbb9f]" started-at="2022-08-15T12:42:21 PKT" name="PS_10_Demographics_Search_by_ZipCode" finished-at="2022-08-15T12:42:24 PKT" duration-ms="3101" status="PASS">
          <reporter-output>
          </reporter-output>
        </test-method> <!-- PS_10_Demographics_Search_by_ZipCode -->
        <test-method signature="PS_11_Demographics_Search_by_License()[pri:11, instance:Test_Scenarios.SearchScenarios@54dcbb9f]" started-at="2022-08-15T12:42:24 PKT" name="PS_11_Demographics_Search_by_License" finished-at="2022-08-15T12:42:27 PKT" duration-ms="3093" status="PASS">
          <reporter-output>
          </reporter-output>
        </test-method> <!-- PS_11_Demographics_Search_by_License -->
        <test-method signature="PS_12_Search_by_linkID()[pri:12, instance:Test_Scenarios.SearchScenarios@54dcbb9f]" started-at="2022-08-15T12:42:27 PKT" name="PS_12_Search_by_linkID" finished-at="2022-08-15T12:42:36 PKT" duration-ms="9204" status="PASS">
          <reporter-output>
          </reporter-output>
        </test-method> <!-- PS_12_Search_by_linkID -->
        <test-method signature="PS_13_Search_by_Source_and_NativeID()[pri:13, instance:Test_Scenarios.SearchScenarios@54dcbb9f]" started-at="2022-08-15T12:42:36 PKT" name="PS_13_Search_by_Source_and_NativeID" finished-at="2022-08-15T12:43:15 PKT" duration-ms="39319" status="PASS">
          <reporter-output>
          </reporter-output>
        </test-method> <!-- PS_13_Search_by_Source_and_NativeID -->
        <test-method is-config="true" signature="aftertest()[pri:0, instance:Test_Scenarios.SearchScenarios@54dcbb9f]" started-at="2022-08-15T12:43:15 PKT" name="aftertest" finished-at="2022-08-15T12:43:19 PKT" duration-ms="4010" status="PASS">
          <reporter-output>
          </reporter-output>
        </test-method> <!-- aftertest -->
      </class> <!-- Test_Scenarios.SearchScenarios -->
    </test> <!-- Test -->
  </suite> <!-- Suite -->
</testng-results>
